\BOOKMARK [1][-]{section.1}{\376\377\226\306\124\010}{}% 1
\BOOKMARK [2][-]{subsection.1.1}{\376\377\147\011\226\120\226\306\124\010\133\120\226\306\116\052\145\160}{section.1}% 2
\BOOKMARK [2][-]{subsection.1.2}{\376\377\137\267\144\151\150\071\121\154\137\017}{section.1}% 3
\BOOKMARK [2][-]{subsection.1.3}{\376\377\133\271\145\245\123\237\164\006}{section.1}% 4
\BOOKMARK [2][-]{subsection.1.4}{\376\377\123\005\124\053\121\163\174\373}{section.1}% 5
\BOOKMARK [2][-]{subsection.1.5}{\376\377\136\070\211\301\176\323\213\272\166\204\124\046\133\232\137\142\137\017}{section.1}% 6
\BOOKMARK [2][-]{subsection.1.6}{\376\377\126\333\171\315\124\175\230\230\166\204\166\370\116\222\121\163\174\373}{section.1}% 7
\BOOKMARK [2][-]{subsection.1.7}{\376\377\121\105\211\201\147\141\116\366}{section.1}% 8
\BOOKMARK [1][-]{section.2}{\376\377\121\375\145\160}{}% 9
\BOOKMARK [2][-]{subsection.2.1}{\376\377\000F\0000\0001\000\040\123\125\214\003\140\047\122\044\133\232\133\232\164\006}{section.2}% 10
\BOOKMARK [2][-]{subsection.2.2}{\376\377\000F\0000\0002\000\040\147\201\120\074\160\271}{section.2}% 11
\BOOKMARK [1][-]{section.3}{\376\377\145\160\122\027}{}% 12
\BOOKMARK [2][-]{subsection.3.1}{\376\377\000F\0000\0001\000\040\123\125\214\003\140\047\122\044\133\232\133\232\164\006}{section.3}% 13
\BOOKMARK [2][-]{subsection.3.2}{\376\377\000F\0000\0001\000\040\123\125\214\003\140\047\122\044\133\232\133\232\164\006}{section.3}% 14
\BOOKMARK [1][-]{section.4}{\376\377\127\006\225\045\146\362\176\277}{}% 15
\BOOKMARK [2][-]{subsection.4.1}{\376\377\127\006\116\016\116\015\166\370\116\244\151\055\127\006\166\204\215\335\171\273\147\201\120\074}{section.4}% 16
\BOOKMARK [2][-]{subsection.4.2}{\376\377\166\364\176\277\116\016\151\055\127\006\166\204\215\335\171\273\147\201\120\074}{section.4}% 17
\BOOKMARK [2][-]{subsection.4.3}{\376\377\151\055\127\006\161\046\211\322\147\000\131\047\120\074\176\323\213\272}{section.4}% 18
\BOOKMARK [2][-]{subsection.4.4}{\376\377\151\055\127\006\230\166\211\322\147\000\131\047\120\074\176\323\213\272}{section.4}% 19
\BOOKMARK [2][-]{subsection.4.5}{\376\377\171\273\137\303\163\207\116\016\161\046\160\271\211\322\116\015\173\111\137\017}{section.4}% 20
\BOOKMARK [2][-]{subsection.4.6}{\376\377\171\273\137\303\163\207\116\016\116\044\161\046\160\271\211\322\136\246\121\154\137\017}{section.4}% 21
\BOOKMARK [2][-]{subsection.4.7}{\376\377\151\055\127\006\145\234\163\207\137\017\122\007\176\277\122\044\133\232\176\323\213\272}{section.4}% 22
\BOOKMARK [2][-]{subsection.4.8}{\376\377\151\055\127\006\122\007\160\271\136\102\116\016\122\007\176\277\145\271\172\013\176\323\213\272}{section.4}% 23
\BOOKMARK [2][-]{subsection.4.9}{\376\377\151\055\127\006\122\007\176\277\145\234\163\207\203\003\126\364\176\323\213\272}{section.4}% 24
\BOOKMARK [2][-]{subsection.4.10}{\376\377\151\055\127\006\122\007\176\277\215\335\171\273\121\154\137\017\176\323\213\272}{section.4}% 25
\BOOKMARK [2][-]{subsection.4.11}{\376\377\151\055\127\006\122\007\176\277\116\016\127\202\137\204\145\234\163\207\171\357\176\323\213\272}{section.4}% 26
\BOOKMARK [2][-]{subsection.4.12}{\376\377\151\055\127\006\122\007\176\277\123\237\137\303\215\335\140\047\215\050}{section.4}% 27
\BOOKMARK [2][-]{subsection.4.13}{\376\377\151\055\127\006\225\177\217\164\172\357\160\271\122\007\176\277\166\370\116\244\140\047\215\050}{section.4}% 28
\BOOKMARK [2][-]{subsection.4.14}{\376\377\151\055\127\006\161\046\160\271\116\016\122\007\176\277\176\374\124\010\140\047\215\050}{section.4}% 29
\BOOKMARK [2][-]{subsection.4.15}{\376\377\151\055\127\006\161\046\160\271\116\011\211\322\137\142\126\333\137\303\127\120\150\007\140\047\215\050}{section.4}% 30
\BOOKMARK [2][-]{subsection.4.16}{\376\377\123\314\146\362\176\277\161\046\160\271\116\011\211\322\137\142\126\333\137\303\127\120\150\007\140\047\215\050}{section.4}% 31
\BOOKMARK [1][-]{section.5}{\376\377\136\163\227\142\121\340\117\125}{}% 32
\BOOKMARK [2][-]{subsection.5.1}{\376\377\000P\0000\0001\000\040\127\006\131\026\116\000\160\271\122\060\127\006\116\012\160\271\166\204\147\000\131\047\000/\147\000\134\017\215\335\171\273}{section.5}% 33
\BOOKMARK [2][-]{subsection.5.2}{\376\377\000P\0000\0002\000\040\127\006\121\205\116\000\160\271\122\060\127\006\116\012\160\271\166\204\147\000\131\047\000/\147\000\134\017\215\335\171\273}{section.5}% 34
\BOOKMARK [2][-]{subsection.5.3}{\376\377\000P\0000\0003\000\040\127\006\116\012\116\000\160\271\122\060\127\006\166\204\215\335\171\273\147\201\120\074}{section.5}% 35
\BOOKMARK [2][-]{subsection.5.4}{\376\377\000P\0000\0004\000\040\160\271\122\060\127\006\215\335\171\273\147\201\120\074\166\204\176\337\116\000\152\041\127\213}{section.5}% 36
\BOOKMARK [2][-]{subsection.5.5}{\376\377\000P\0000\0005\000\040\166\364\176\277\116\016\127\006\166\204\215\335\171\273\147\201\120\074}{section.5}% 37
\BOOKMARK [2][-]{subsection.5.6}{\376\377\000P\0000\0006\000\040\116\044\127\006\116\113\225\364\166\204\215\335\171\273\147\201\120\074}{section.5}% 38
\BOOKMARK [1][-]{section.6}{\376\377\136\163\227\142\124\021\221\317}{}% 39
\BOOKMARK [2][-]{subsection.6.1}{\376\377\000V\0000\0001\000\040\147\201\123\026\140\122\173\111\137\017}{section.6}% 40
\BOOKMARK [2][-]{subsection.6.2}{\376\377\000V\0000\0002\000\040\147\201\123\026\140\122\173\111\137\017\377\032\116\011\211\322\137\142\152\041\137\017}{section.6}% 41
\BOOKMARK [2][-]{subsection.6.3}{\376\377\000V\0000\0003\000\040\147\201\123\026\140\122\173\111\137\017\377\032\167\351\137\142\152\041\137\017}{section.6}% 42
\BOOKMARK [2][-]{subsection.6.4}{\376\377\000V\0000\0004\000\040\147\201\123\026\140\122\173\111\137\017\377\032\167\351\137\142\152\041\137\017\166\204\172\172\225\364\142\151\134\125}{section.6}% 43
\BOOKMARK [2][-]{subsection.6.5}{\376\377\000V\0000\0005\000\040\147\201\123\026\140\122\173\111\137\017\000:\000\040\124\021\221\317\116\130\171\357\127\213}{section.6}% 44
\BOOKMARK [2][-]{subsection.6.6}{\376\377\000V\0000\0006\000\040\131\124\232\160\133\232\164\006}{section.6}% 45
\BOOKMARK [2][-]{subsection.6.7}{\376\377\000V\0000\0007\000\040\131\124\232\160\133\232\164\006\143\250\213\272}{section.6}% 46
\BOOKMARK [2][-]{subsection.6.8}{\376\377\000V\0000\0008\000\040\221\315\137\303}{section.6}% 47
\BOOKMARK [2][-]{subsection.6.9}{\376\377\000V\0000\0009\000\040\121\205\137\303}{section.6}% 48
\BOOKMARK [2][-]{subsection.6.10}{\376\377\000V\0001\0000\000\040\145\301\137\303}{section.6}% 49
\BOOKMARK [2][-]{subsection.6.11}{\376\377\000V\0001\0000\000\040\127\202\137\303}{section.6}% 50
\BOOKMARK [2][-]{subsection.6.12}{\376\377\000V\0001\0001\000\040\131\026\137\303}{section.6}% 51
\BOOKMARK [2][-]{subsection.6.13}{\376\377\000V\0001\0002\000\040\173\111\124\214\000\050\232\330\000\051\176\277}{section.6}% 52
\BOOKMARK [2][-]{subsection.6.14}{\376\377\000V\0001\0003\000\040\162\052\133\120\133\232\164\006}{section.6}% 53
\BOOKMARK [2][-]{subsection.6.15}{\376\377\000V\0001\0004\000\040\124\021\221\317\145\160\221\317\171\357\116\016\116\011\211\322\137\142\217\271\225\177\166\204\121\163\174\373\121\154\137\017}{section.6}% 54
\BOOKMARK [2][-]{subsection.6.16}{\376\377\000V\0001\0005\000\040\124\310\133\306\230\177\121\154\137\017}{section.6}% 55
\BOOKMARK [2][-]{subsection.6.17}{\376\377\000V\0001\0006\000\040\153\047\142\311\176\277\126\333\160\271\121\161\176\277}{section.6}% 56
\BOOKMARK [2][-]{subsection.6.18}{\376\377\000V\0001\0007\000\040\116\135\160\271\127\006}{section.6}% 57
\BOOKMARK [2][-]{subsection.6.19}{\376\377\000V\0001\0008\000\040\127\202\137\303\232\330\176\247\140\047\215\050}{section.6}% 58
\BOOKMARK [1][-]{section.7}{\376\377\116\015\173\111\137\017}{}% 59
\BOOKMARK [1][-]{section.8}{\376\377\136\163\227\142\121\340\117\125}{}% 60
\BOOKMARK [2][-]{subsection.8.1}{\376\377\000P\0000\0001\000\040\127\006\131\026\116\000\160\271\122\060\127\006\116\012\160\271\166\204\147\000\131\047\000/\147\000\134\017\215\335\171\273}{section.8}% 61
\BOOKMARK [2][-]{subsection.8.2}{\376\377\000P\0000\0002\000\040\127\006\121\205\116\000\160\271\122\060\127\006\116\012\160\271\166\204\147\000\131\047\000/\147\000\134\017\215\335\171\273}{section.8}% 62
\BOOKMARK [2][-]{subsection.8.3}{\376\377\000P\0000\0003\000\040\127\006\116\012\116\000\160\271\122\060\127\006\166\204\215\335\171\273\147\201\120\074}{section.8}% 63
\BOOKMARK [2][-]{subsection.8.4}{\376\377\000P\0000\0004\000\040\160\271\122\060\127\006\215\335\171\273\147\201\120\074\166\204\176\337\116\000\152\041\127\213}{section.8}% 64
\BOOKMARK [2][-]{subsection.8.5}{\376\377\000P\0000\0005\000\040\166\364\176\277\116\016\127\006\166\204\215\335\171\273\147\201\120\074}{section.8}% 65
\BOOKMARK [2][-]{subsection.8.6}{\376\377\000P\0000\0006\000\040\116\044\127\006\116\113\225\364\166\204\215\335\171\273\147\201\120\074}{section.8}% 66
