\BOOKMARK [1][-]{tocseedsection.1}{\376\377\226\306\124\010}{}% 1
\BOOKMARK [2][-]{tocseedsubsection.1.1}{\376\377\000S\0000\0000\0001\000\040\147\011\226\120\226\306\124\010\133\120\226\306\116\052\145\160}{tocseedsection.1}% 2
\BOOKMARK [2][-]{tocseedsubsection.1.2}{\376\377\000S\0000\0000\0003\000\040\137\267\144\151\150\071\121\154\137\017}{tocseedsection.1}% 3
\BOOKMARK [2][-]{tocseedsubsection.1.3}{\376\377\000S\0000\0000\0005\000\040\133\271\145\245\123\237\164\006}{tocseedsection.1}% 4
\BOOKMARK [2][-]{tocseedsubsection.1.4}{\376\377\000S\0000\0000\0006\000\040\123\005\124\053\121\163\174\373}{tocseedsection.1}% 5
\BOOKMARK [2][-]{tocseedsubsection.1.5}{\376\377\000S\0000\0000\0008\000\040\136\070\211\301\176\323\213\272\166\204\124\046\133\232\137\142\137\017}{tocseedsection.1}% 6
\BOOKMARK [2][-]{tocseedsubsection.1.6}{\376\377\000S\0000\0000\0009\000\040\126\333\171\315\124\175\230\230\166\204\166\370\116\222\121\163\174\373}{tocseedsection.1}% 7
\BOOKMARK [2][-]{tocseedsubsection.1.7}{\376\377\000S\0000\0001\0000\000\040\121\105\211\201\147\141\116\366}{tocseedsection.1}% 8
\BOOKMARK [1][-]{tocseedsection.2}{\376\377\121\375\145\160}{}% 9
\BOOKMARK [2][-]{tocseedsubsection.2.1}{\376\377\000F\0000\0000\0001\000\040\123\125\214\003\140\047\122\044\133\232\133\232\164\006}{tocseedsection.2}% 10
\BOOKMARK [2][-]{tocseedsubsection.2.2}{\376\377\000F\0000\0000\0002\000\040\147\201\120\074\160\271}{tocseedsection.2}% 11
\BOOKMARK [1][-]{tocseedsection.3}{\376\377\145\160\122\027}{}% 12
\BOOKMARK [2][-]{tocseedsubsection.3.1}{\376\377\000L\0000\0000\0001\000\040\173\111\135\356\116\130\173\111\153\324\145\160\122\027\154\102\124\214\121\154\137\017}{tocseedsection.3}% 13
\BOOKMARK [2][-]{tocseedsubsection.3.2}{\376\377\000L\0000\0000\0002\000\040\173\111\135\356\145\160\122\027\122\115\000n\230\171\124\214\121\154\137\017}{tocseedsection.3}% 14
\BOOKMARK [2][-]{tocseedsubsection.3.3}{\376\377\000L\0000\0000\0003\000\040\173\111\153\324\145\160\122\027\122\115\000n\230\171\124\214\121\154\137\017}{tocseedsection.3}% 15
\BOOKMARK [2][-]{tocseedsubsection.3.4}{\376\377\000L\0000\0000\0004\000\040\173\111\135\356\145\160\122\027\116\013\150\007\124\214\140\047\215\050}{tocseedsection.3}% 16
\BOOKMARK [2][-]{tocseedsubsection.3.5}{\376\377\000L\0000\0000\0005\000\040\173\111\153\324\145\160\122\027\116\013\150\007\124\214\140\047\215\050\377\032\116\130\171\357\166\370\173\111}{tocseedsection.3}% 17
\BOOKMARK [2][-]{tocseedsubsection.3.6}{\376\377\000L\0000\0000\0006\000\040\226\066\116\130\210\302\230\171\154\102\124\214\121\154\137\017}{tocseedsection.3}% 18
\BOOKMARK [1][-]{tocseedsection.4}{\376\377\127\006\225\045\146\362\176\277}{}% 19
\BOOKMARK [2][-]{tocseedsubsection.4.1}{\376\377\000C\0000\0000\0001\000\040\151\055\127\006\116\016\127\006\166\204\215\335\171\273\147\201\120\074\217\154\123\026}{tocseedsection.4}% 20
\BOOKMARK [2][-]{tocseedsubsection.4.2}{\376\377\000C\0000\0000\0002\000\040\166\364\176\277\116\016\151\055\127\006\166\204\215\335\171\273\147\201\120\074}{tocseedsection.4}% 21
\BOOKMARK [2][-]{tocseedsubsection.4.3}{\376\377\000C\0000\0000\0003\000\040\151\055\127\006\161\046\211\322\147\000\131\047\120\074\176\323\213\272}{tocseedsection.4}% 22
\BOOKMARK [2][-]{tocseedsubsection.4.4}{\376\377\000C\0000\0000\0004\000\040\151\055\127\006\230\166\211\322\147\000\131\047\120\074\176\323\213\272}{tocseedsection.4}% 23
\BOOKMARK [2][-]{tocseedsubsection.4.5}{\376\377\000C\0000\0000\0005\000\040\171\273\137\303\163\207\116\016\161\046\160\271\211\322\116\015\173\111\137\017}{tocseedsection.4}% 24
\BOOKMARK [2][-]{tocseedsubsection.4.6}{\376\377\000C\0000\0000\0006\000\040\171\273\137\303\163\207\116\016\116\044\161\046\160\271\211\322\136\246\121\154\137\017}{tocseedsection.4}% 25
\BOOKMARK [2][-]{tocseedsubsection.4.7}{\376\377\000C\0000\0000\0007\000\040\151\055\127\006\145\234\163\207\137\017\122\007\176\277\122\044\133\232\176\323\213\272}{tocseedsection.4}% 26
\BOOKMARK [2][-]{tocseedsubsection.4.8}{\376\377\000C\0000\0000\0008\000\040\151\055\127\006\122\007\160\271\136\102\116\016\122\007\176\277\145\271\172\013\176\323\213\272}{tocseedsection.4}% 27
\BOOKMARK [2][-]{tocseedsubsection.4.9}{\376\377\000C\0000\0000\0009\000\040\151\055\127\006\122\007\176\277\145\234\163\207\203\003\126\364\176\323\213\272}{tocseedsection.4}% 28
\BOOKMARK [2][-]{tocseedsubsection.4.10}{\376\377\000C\0000\0001\0000\000\040\151\055\127\006\122\007\176\277\215\335\171\273\121\154\137\017\176\323\213\272}{tocseedsection.4}% 29
\BOOKMARK [2][-]{tocseedsubsection.4.11}{\376\377\000C\0000\0001\0001\000\040\151\055\127\006\122\007\176\277\116\016\127\202\137\204\145\234\163\207\171\357\176\323\213\272}{tocseedsection.4}% 30
\BOOKMARK [2][-]{tocseedsubsection.4.12}{\376\377\000C\0000\0001\0002\000\040\151\055\127\006\122\007\176\277\123\237\137\303\215\335\140\047\215\050}{tocseedsection.4}% 31
\BOOKMARK [2][-]{tocseedsubsection.4.13}{\376\377\000C\0000\0001\0003\000\040\151\055\127\006\225\177\217\164\172\357\160\271\122\007\176\277\166\370\116\244\140\047\215\050}{tocseedsection.4}% 32
\BOOKMARK [2][-]{tocseedsubsection.4.14}{\376\377\000C\0000\0001\0004\000\040\151\055\127\006\161\046\160\271\116\016\122\007\176\277\176\374\124\010\140\047\215\050}{tocseedsection.4}% 33
\BOOKMARK [2][-]{tocseedsubsection.4.15}{\376\377\000C\0000\0001\0005\000\040\151\055\127\006\161\046\160\271\116\011\211\322\137\142\126\333\137\303\127\120\150\007\140\047\215\050}{tocseedsection.4}% 34
\BOOKMARK [2][-]{tocseedsubsection.4.16}{\376\377\000C\0000\0001\0006\000\040\123\314\146\362\176\277\161\046\160\271\116\011\211\322\137\142\126\333\137\303\127\120\150\007\140\047\215\050}{tocseedsection.4}% 35
\BOOKMARK [2][-]{tocseedsubsection.4.17}{\376\377\000C\0000\0001\0007\000\040\151\055\127\006\122\007\176\277\147\141\116\366\377\032\166\364\176\277\000y\000=\000k\000x\000+\000m\116\016\151\055\127\006\166\370\122\007\166\204\121\105\211\201\147\141\116\366}{tocseedsection.4}% 36
\BOOKMARK [2][-]{tocseedsubsection.4.18}{\376\377\000C\0000\0001\0008\000\040\151\055\127\006\122\007\176\277\145\271\172\013\121\154\137\017}{tocseedsection.4}% 37
\BOOKMARK [2][-]{tocseedsubsection.4.19}{\376\377\000C\0000\0001\0009\000\040\151\055\127\006\122\007\176\277\145\234\163\207\116\016\137\204\124\021\145\234\163\207\116\130\171\357\121\154\137\017}{tocseedsection.4}% 38
\BOOKMARK [2][-]{tocseedsubsection.4.20}{\376\377\000C\0000\0002\0000\000\040\151\055\127\006\122\007\176\277\215\335\171\273\116\016\161\046\160\271\215\335\171\273\116\130\171\357\133\232\164\006}{tocseedsection.4}% 39
\BOOKMARK [2][-]{tocseedsubsection.4.21}{\376\377\000C\0000\0002\0001\000\040\151\055\127\006\122\007\176\277\215\335\171\273\116\016\161\046\123\112\137\204\116\130\171\357\121\163\174\373}{tocseedsection.4}% 40
\BOOKMARK [2][-]{tocseedsubsection.4.22}{\376\377\000C\0000\0002\0002\000\040\151\055\127\006\172\357\160\271\122\007\176\277\116\016\116\373\141\017\160\271\122\007\176\277\166\204\116\244\160\271\140\047\215\050}{tocseedsection.4}% 41
\BOOKMARK [1][-]{tocseedsection.5}{\376\377\136\163\227\142\124\021\221\317}{}% 42
\BOOKMARK [2][-]{tocseedsubsection.5.1}{\376\377\000V\0000\0000\0001\000\040\147\201\123\026\140\122\173\111\137\017}{tocseedsection.5}% 43
\BOOKMARK [2][-]{tocseedsubsection.5.2}{\376\377\000V\0000\0000\0002\000\040\147\201\123\026\140\122\173\111\137\017\377\032\116\011\211\322\137\142\152\041\137\017}{tocseedsection.5}% 44
\BOOKMARK [2][-]{tocseedsubsection.5.3}{\376\377\000V\0000\0000\0003\000\040\147\201\123\026\140\122\173\111\137\017\377\032\167\351\137\142\152\041\137\017}{tocseedsection.5}% 45
\BOOKMARK [2][-]{tocseedsubsection.5.4}{\376\377\000V\0000\0000\0004\000\040\147\201\123\026\140\122\173\111\137\017\377\032\167\351\137\142\152\041\137\017\166\204\172\172\225\364\142\151\134\125}{tocseedsection.5}% 46
\BOOKMARK [2][-]{tocseedsubsection.5.5}{\376\377\000V\0000\0000\0005\000\040\147\201\123\026\140\122\173\111\137\017\000:\000\040\124\021\221\317\116\130\171\357\127\213}{tocseedsection.5}% 47
\BOOKMARK [2][-]{tocseedsubsection.5.6}{\376\377\000V\0000\0000\0006\000\040\131\124\232\160\133\232\164\006}{tocseedsection.5}% 48
\BOOKMARK [2][-]{tocseedsubsection.5.7}{\376\377\000V\0000\0000\0007\000\040\131\124\232\160\133\232\164\006\143\250\213\272}{tocseedsection.5}% 49
\BOOKMARK [2][-]{tocseedsubsection.5.8}{\376\377\000V\0000\0000\0008\000\040\221\315\137\303}{tocseedsection.5}% 50
\BOOKMARK [2][-]{tocseedsubsection.5.9}{\376\377\000V\0000\0000\0009\000\040\121\205\137\303}{tocseedsection.5}% 51
\BOOKMARK [2][-]{tocseedsubsection.5.10}{\376\377\000V\0000\0001\0000\000\040\145\301\137\303}{tocseedsection.5}% 52
\BOOKMARK [2][-]{tocseedsubsection.5.11}{\376\377\000V\0000\0001\0009\000\040\127\202\137\303}{tocseedsection.5}% 53
\BOOKMARK [2][-]{tocseedsubsection.5.12}{\376\377\000V\0000\0001\0001\000\040\131\026\137\303}{tocseedsection.5}% 54
\BOOKMARK [2][-]{tocseedsubsection.5.13}{\376\377\000V\0000\0001\0002\000\040\173\111\124\214\000\050\232\330\000\051\176\277}{tocseedsection.5}% 55
\BOOKMARK [2][-]{tocseedsubsection.5.14}{\376\377\000V\0000\0001\0003\000\040\162\052\133\120\133\232\164\006}{tocseedsection.5}% 56
\BOOKMARK [2][-]{tocseedsubsection.5.15}{\376\377\000V\0000\0001\0004\000\040\124\021\221\317\145\160\221\317\171\357\116\016\116\011\211\322\137\142\217\271\225\177\166\204\121\163\174\373\121\154\137\017}{tocseedsection.5}% 57
\BOOKMARK [2][-]{tocseedsubsection.5.16}{\376\377\000V\0000\0001\0005\000\040\124\310\133\306\230\177\121\154\137\017}{tocseedsection.5}% 58
\BOOKMARK [2][-]{tocseedsubsection.5.17}{\376\377\000V\0000\0001\0006\000\040\153\047\142\311\176\277\126\333\160\271\121\161\176\277}{tocseedsection.5}% 59
\BOOKMARK [2][-]{tocseedsubsection.5.18}{\376\377\000V\0000\0001\0007\000\040\116\135\160\271\127\006}{tocseedsection.5}% 60
\BOOKMARK [2][-]{tocseedsubsection.5.19}{\376\377\000V\0000\0001\0008\000\040\127\202\137\303\232\330\176\247\140\047\215\050}{tocseedsection.5}% 61
\BOOKMARK [1][-]{tocseedsection.6}{\376\377\172\313\117\123\121\340\117\125}{}% 62
\BOOKMARK [2][-]{tocseedsubsection.6.1}{\376\377\000G\0000\0000\0001\000\040\164\003\166\204\117\123\171\357\116\016\210\150\227\142\171\357\121\154\137\017}{tocseedsection.6}% 63
\BOOKMARK [2][-]{tocseedsubsection.6.2}{\376\377\000G\0000\0000\0002\000\040\164\003\166\204\123\112\137\204\153\324\116\016\210\150\227\142\171\357\117\123\171\357\153\324\166\204\153\324\117\213\121\163\174\373}{tocseedsection.6}% 64
\BOOKMARK [1][-]{tocseedsection.7}{\376\377\151\202\163\207\116\016\176\337\213\241}{}% 65
\BOOKMARK [2][-]{tocseedsubsection.7.1}{\376\377\000R\0000\0000\0001\000\040\143\222\122\027\145\160\220\022\143\250\121\154\137\017}{tocseedsection.7}% 66
\BOOKMARK [2][-]{tocseedsubsection.7.2}{\376\377\000R\0000\0000\0002\000\040\143\222\122\027\145\160\143\011\000\040\000n\000\040\220\022\143\250\121\154\137\017}{tocseedsection.7}% 67
\BOOKMARK [2][-]{tocseedsubsection.7.3}{\376\377\000R\0000\0000\0003\000\040\143\222\122\027\145\160\231\226\117\115\220\022\143\250\121\154\137\017}{tocseedsection.7}% 68
\BOOKMARK [2][-]{tocseedsubsection.7.4}{\376\377\000R\0000\0000\0004\000\040\143\222\122\027\145\160\122\006\174\173\220\022\143\250\121\154\137\017}{tocseedsection.7}% 69
\BOOKMARK [1][-]{tocseedsection.8}{\376\377\116\015\173\111\137\017}{}% 70
\BOOKMARK [2][-]{tocseedsubsection.8.1}{\376\377\000I\0000\0000\0001\000\040\217\336\116\015\173\111\137\017\000N\000<\000f\000\050\000x\000\051\000<\000M\166\204\126\333\171\315\173\111\116\367\137\142\137\017}{tocseedsection.8}% 71
\BOOKMARK [2][-]{tocseedsubsection.8.2}{\376\377\000I\0000\0000\0002\000\040\127\372\147\054\116\015\173\111\137\017\123\312\121\166\123\330\137\142}{tocseedsection.8}% 72
\BOOKMARK [2][-]{tocseedsubsection.8.3}{\376\377\000I\0000\0000\0003\000\040\174\326\154\064\116\015\173\111\137\017}{tocseedsection.8}% 73
\BOOKMARK [2][-]{tocseedsubsection.8.4}{\376\377\000I\0000\0000\0004\000\040\116\011\230\171\172\313\145\271\124\214\116\015\173\111\137\017}{tocseedsection.8}% 74
\BOOKMARK [2][-]{tocseedsubsection.8.5}{\376\377\000I\0000\0000\0005\000\040\147\357\211\177\116\015\173\111\137\017}{tocseedsection.8}% 75
\BOOKMARK [2][-]{tocseedsubsection.8.6}{\376\377\000I\0000\0000\0006\000\040\147\103\145\271\124\214\116\015\173\111\137\017}{tocseedsection.8}% 76
\BOOKMARK [2][-]{tocseedsubsection.8.7}{\376\377\000I\0000\0000\0007\000\040\176\335\133\371\120\074\116\011\211\322\116\015\173\111\137\017}{tocseedsection.8}% 77
\BOOKMARK [2][-]{tocseedsubsection.8.8}{\376\377\000I\0000\0000\0008\000\040\127\107\120\074\116\015\173\111\137\017\224\376\377\010\000H\000M\042\144\000G\000M\042\144\000A\000M\042\144\000Q\000M\377\011}{tocseedsection.8}% 78
\BOOKMARK [2][-]{tocseedsubsection.8.9}{\376\377\000I\0000\0000\0009\000\040\116\011\121\103\127\107\120\074\116\015\173\111\137\017}{tocseedsection.8}% 79
\BOOKMARK [2][-]{tocseedsubsection.8.10}{\376\377\000I\0000\0001\0000\000\040\116\011\121\103\136\163\145\271\124\214\116\015\173\111\137\017}{tocseedsection.8}% 80
\BOOKMARK [2][-]{tocseedsubsection.8.11}{\376\377\000I\0000\0001\0001\000\040\133\371\145\160\121\375\145\160\122\007\176\277\116\015\173\111\137\017\000\040\000l\000n\000x\000\040\042\144\000\040\000x\000-\0001\000\040\123\312\121\166\123\330\137\017}{tocseedsection.8}% 81
\BOOKMARK [2][-]{tocseedsubsection.8.12}{\376\377\000I\0000\0001\0002\000\040\143\007\145\160\121\375\145\160\122\007\176\277\145\076\177\051\116\015\173\111\137\017}{tocseedsection.8}% 82
\BOOKMARK [2][-]{tocseedsubsection.8.13}{\376\377\000I\0000\0001\0003\000\040\133\371\122\376\116\015\173\111\137\017\377\010\000x\000+\0001\000/\000x\042\145\0002\377\011}{tocseedsection.8}% 83
\BOOKMARK [2][-]{tocseedsubsection.8.14}{\376\377\000I\0000\0001\0004\000\040\164\064\165\037\116\015\173\111\137\017\377\010\000J\000e\000n\000s\000e\000n\116\015\173\111\137\017\377\011}{tocseedsection.8}% 84
\BOOKMARK [2][-]{tocseedsubsection.8.15}{\376\377\000I\0000\0001\0005\000\040\143\007\145\160\121\370\140\047\116\015\173\111\137\017\377\010\000J\000e\000n\000s\000e\000n\116\015\173\111\137\017\136\224\165\050\377\011}{tocseedsection.8}% 85
\BOOKMARK [2][-]{tocseedsubsection.8.16}{\376\377\000I\0000\0001\0006\000\040\143\007\145\160\121\375\145\160\121\370\140\047\116\015\173\111\137\017\377\032\173\227\147\057\136\163\127\107\042\145\121\340\117\125\136\163\127\107}{tocseedsection.8}% 86
\BOOKMARK [2][-]{tocseedsubsection.8.17}{\376\377\000I\0000\0001\0007\000\040\153\143\137\046\121\375\145\160\121\371\140\047\116\015\173\111\137\017}{tocseedsection.8}% 87
\BOOKMARK [2][-]{tocseedsubsection.8.18}{\376\377\000I\0000\0001\0008\000\040\117\131\137\046\121\375\145\160\121\371\140\047\116\015\173\111\137\017\116\016\116\011\211\322\137\142\117\131\137\046\124\214\116\012\165\114}{tocseedsection.8}% 88
\BOOKMARK [2][-]{tocseedsubsection.8.19}{\376\377\000I\0000\0001\0009\000\040\153\143\122\007\121\370\140\047\116\015\173\111\137\017\116\016\225\020\211\322\116\011\211\322\137\142\153\143\122\007\124\214}{tocseedsection.8}% 89
\BOOKMARK [2][-]{tocseedsubsection.8.20}{\376\377\000I\0000\0002\0000\000\040\133\371\145\160\136\163\127\107\116\015\173\111\137\017}{tocseedsection.8}% 90
\BOOKMARK [2][-]{tocseedsubsection.8.21}{\376\377\000I\0000\0002\0001\000\040\136\102\121\375\145\160\121\370\140\047\116\015\173\111\137\017}{tocseedsection.8}% 91
\BOOKMARK [2][-]{tocseedsubsection.8.22}{\376\377\000I\0000\0002\0002\000\040\116\214\121\103\122\006\137\017\124\214\116\015\173\111\137\017\377\010\120\022\145\160\124\214\042\145\0004\000/\000\050\124\214\000\051\377\011}{tocseedsection.8}% 92
\BOOKMARK [2][-]{tocseedsubsection.8.23}{\376\377\000I\0000\0002\0003\000\040\000x\000l\000n\000x\166\204\121\370\140\047\116\016\000J\000e\000n\000s\000e\000n\116\015\173\111\137\017}{tocseedsection.8}% 93
\BOOKMARK [2][-]{tocseedsubsection.8.24}{\376\377\000I\0000\0002\0004\000\040\116\011\121\103\133\371\171\360\116\015\173\111\137\017\224\376}{tocseedsection.8}% 94
\BOOKMARK [2][-]{tocseedsubsection.8.25}{\376\377\000I\0000\0002\0005\000\040\000N\000e\000s\000b\000i\000t\000t\116\015\173\111\137\017}{tocseedsection.8}% 95
\BOOKMARK [2][-]{tocseedsubsection.8.26}{\376\377\000I\0000\0002\0006\000\040\202\022\134\024\116\015\173\111\137\017}{tocseedsection.8}% 96
\BOOKMARK [2][-]{tocseedsubsection.8.27}{\376\377\000I\0000\0002\0007\000\040\116\222\116\072\120\022\145\160\124\214\116\015\173\111\137\017}{tocseedsection.8}% 97
\BOOKMARK [2][-]{tocseedsubsection.8.28}{\376\377\000I\0000\0002\0008\000\040\117\057\122\252\122\051\116\015\173\111\137\017}{tocseedsection.8}% 98
\BOOKMARK [2][-]{tocseedsubsection.8.29}{\376\377\000I\0000\0002\0009\000\040\153\143\137\046\176\335\133\371\120\074\116\015\173\111\137\017\000\040\000|\000s\000i\000n\000\040\000x\000|\000\040\042\144\000\040\000|\000x\000|}{tocseedsection.8}% 99
\BOOKMARK [2][-]{tocseedsubsection.8.30}{\376\377\000I\0000\0003\0000\000\040\116\011\211\322\121\375\145\160\116\015\173\111\137\017\377\032\000s\000i\000n\000\040\000x\000\040\000<\000\040\000x\000\040\000<\000\040\000t\000a\000n\000\040\000x}{tocseedsection.8}% 100
\BOOKMARK [2][-]{tocseedsubsection.8.31}{\376\377\000I\0000\0003\0001\000\040\117\131\137\046\121\375\145\160\166\204\116\013\165\114\116\015\173\111\137\017\377\032\000c\000o\000s\000x\000\040\042\145\000\040\0001\000\040\000-\000\040\000x\000\262\000/\0002}{tocseedsection.8}% 101
\BOOKMARK [2][-]{tocseedsubsection.8.32}{\376\377\000I\0000\0003\0002\000\040\116\011\211\322\200\124\124\010\145\076\177\051\116\015\173\111\137\017\377\032\000s\000i\000n\000x\000+\000t\000a\000n\000x\000>\0002\000x}{tocseedsection.8}% 102
\BOOKMARK [2][-]{tocseedsubsection.8.33}{\376\377\000I\0000\0003\0003\000\040\133\371\145\160\136\163\127\107\120\074\116\015\173\111\137\017}{tocseedsection.8}% 103
\BOOKMARK [2][-]{tocseedsubsection.8.34}{\376\377\000I\0000\0003\0004\000\040\143\007\145\160\121\375\145\160\154\360\122\322\134\125\137\000\116\013\165\114\116\015\173\111\137\017}{tocseedsection.8}% 104
\BOOKMARK [2][-]{tocseedsubsection.8.35}{\376\377\000I\0000\0003\0005\000\040\000l\000n\000\050\0001\000+\000x\000\051\127\050\000x\042\145\0000\145\366\166\204\116\214\226\066\116\015\173\111\137\017\117\060\213\241}{tocseedsection.8}% 105
\BOOKMARK [2][-]{tocseedsubsection.8.36}{\376\377\000I\0000\0003\0006\000\040\000l\000n\000\050\0001\000+\000x\000\051\166\204\176\317\121\170\116\015\173\111\137\017\224\376}{tocseedsection.8}% 106
\BOOKMARK [2][-]{tocseedsubsection.8.37}{\376\377\000I\0000\0003\0007\000\040\000s\000i\000n\000x\127\050\000[\0000\000,\003\300\000/\0002\000]\116\012\166\204\176\277\140\047\116\013\165\114\377\032\000s\000i\000n\000x\042\145\000\050\0002\000/\003\300\000\051\000x}{tocseedsection.8}% 107
\BOOKMARK [2][-]{tocseedsubsection.8.38}{\376\377\000I\0000\0003\0008\000\040\133\371\171\360\122\006\137\017\116\015\173\111\137\017}{tocseedsection.8}% 108
\BOOKMARK [2][-]{tocseedsubsection.8.39}{\376\377\000I\0000\0003\0009\000\040\120\022\145\160\124\214\116\015\173\111\137\017}{tocseedsection.8}% 109
\BOOKMARK [2][-]{tocseedsubsection.8.40}{\376\377\000I\0000\0004\0000\000\040\116\011\121\103\147\103\145\271\124\214\116\015\173\111\137\017}{tocseedsection.8}% 110
\BOOKMARK [2][-]{tocseedsubsection.8.41}{\376\377\000I\0000\0004\0001\000\040\137\252\163\257\122\006\137\017\116\015\173\111\137\017}{tocseedsection.8}% 111
\BOOKMARK [2][-]{tocseedsubsection.8.42}{\376\377\000I\0000\0004\0002\000\040\116\011\121\103\137\252\163\257\136\163\145\271\122\006\137\017\116\015\173\111\137\017}{tocseedsection.8}% 112
\BOOKMARK [1][-]{tocseedsection.9}{\376\377\116\011\211\322\121\375\145\160}{}% 113
\BOOKMARK [2][-]{tocseedsubsection.9.1}{\376\377\000T\0000\0000\0001\000\040\116\011\211\322\137\142\153\143\137\046\136\163\145\271\124\214\140\122\173\111\137\017}{tocseedsection.9}% 114
\BOOKMARK [2][-]{tocseedsubsection.9.2}{\376\377\000T\0000\0000\0002\000\040\116\011\211\322\137\142\121\205\211\322\117\131\137\046\136\163\145\271\124\214\140\122\173\111\137\017}{tocseedsection.9}% 115
\BOOKMARK [2][-]{tocseedsubsection.9.3}{\376\377\000T\0000\0000\0003\000\040\116\011\211\322\137\142\153\143\122\007\140\122\173\111\137\017\377\032\000t\000a\000n\000A\000+\000t\000a\000n\000B\000+\000t\000a\000n\000C\000=\000t\000a\000n\000A\000\267\000t\000a\000n\000B\000\267\000t\000a\000n\000C}{tocseedsection.9}% 116
\BOOKMARK [2][-]{tocseedsubsection.9.4}{\376\377\000T\0000\0000\0004\000\040\153\143\137\046\136\163\145\271\135\356\121\154\137\017}{tocseedsection.9}% 117
\BOOKMARK [1][-]{tocseedsection.10}{\376\377\136\163\227\142\121\340\117\125}{}% 118
\BOOKMARK [2][-]{tocseedsubsection.10.1}{\376\377\000P\0000\0000\0001\000\040\127\006\131\026\116\000\160\271\122\060\127\006\116\012\160\271\166\204\147\000\131\047\000/\147\000\134\017\215\335\171\273}{tocseedsection.10}% 119
\BOOKMARK [2][-]{tocseedsubsection.10.2}{\376\377\000P\0000\0000\0002\000\040\127\006\121\205\116\000\160\271\122\060\127\006\116\012\160\271\166\204\147\000\131\047\000/\147\000\134\017\215\335\171\273}{tocseedsection.10}% 120
\BOOKMARK [2][-]{tocseedsubsection.10.3}{\376\377\000P\0000\0000\0003\000\040\127\006\116\012\116\000\160\271\122\060\127\006\166\204\215\335\171\273\147\201\120\074}{tocseedsection.10}% 121
\BOOKMARK [2][-]{tocseedsubsection.10.4}{\376\377\000P\0000\0000\0004\000\040\160\271\122\060\127\006\215\335\171\273\147\201\120\074\166\204\176\337\116\000\152\041\127\213}{tocseedsection.10}% 122
\BOOKMARK [2][-]{tocseedsubsection.10.5}{\376\377\000P\0000\0000\0005\000\040\166\364\176\277\116\016\127\006\166\204\215\335\171\273\147\201\120\074}{tocseedsection.10}% 123
\BOOKMARK [2][-]{tocseedsubsection.10.6}{\376\377\000P\0000\0000\0006\000\040\116\044\127\006\116\113\225\364\166\204\215\335\171\273\147\201\120\074}{tocseedsection.10}% 124
\BOOKMARK [2][-]{tocseedsubsection.10.7}{\376\377\000P\0000\0000\0007\000\040\116\011\211\322\137\142\227\142\171\357\133\371\171\360\121\154\137\017\377\032\122\051\165\050\000P\000Q\000R\210\150\217\276}{tocseedsection.10}% 125
